C:\Users\dwrek\100X_DEPLOYMENT\TRINITY_REALTIME_COMMS_SERVER.py:30: DeprecationWarning: websockets.server.WebSocketServerProtocol is deprecated
  from websockets.server import WebSocketServerProtocol
unexpected internal error
Traceback (most recent call last):
  File "C:\Users\dwrek\AppData\Roaming\Python\Python313\site-packages\websockets\asyncio\connection.py", line 889, in send_context
    yield
  File "C:\Users\dwrek\AppData\Roaming\Python\Python313\site-packages\websockets\asyncio\server.py", line 169, in handshake
    assert isinstance(response, Response)  # help mypy
           ~~~~~~~~~~^^^^^^^^^^^^^^^^^^^^
AssertionError
opening handshake failed
Traceback (most recent call last):
  File "C:\Users\dwrek\AppData\Roaming\Python\Python313\site-packages\websockets\asyncio\connection.py", line 889, in send_context
    yield
  File "C:\Users\dwrek\AppData\Roaming\Python\Python313\site-packages\websockets\asyncio\server.py", line 169, in handshake
    assert isinstance(response, Response)  # help mypy
           ~~~~~~~~~~^^^^^^^^^^^^^^^^^^^^
AssertionError

The above exception was the direct cause of the following exception:

Traceback (most recent call last):
  File "C:\Users\dwrek\AppData\Roaming\Python\Python313\site-packages\websockets\asyncio\server.py", line 356, in conn_handler
    await connection.handshake(
    ...<3 lines>...
    )
  File "C:\Users\dwrek\AppData\Roaming\Python\Python313\site-packages\websockets\asyncio\server.py", line 142, in handshake
    async with self.send_context(expected_state=CONNECTING):
               ~~~~~~~~~~~~~~~~~^^^^^^^^^^^^^^^^^^^^^^^^^^^
  File "C:\Python313\Lib\contextlib.py", line 235, in __aexit__
    await self.gen.athrow(value)
  File "C:\Users\dwrek\AppData\Roaming\Python\Python313\site-packages\websockets\asyncio\connection.py", line 957, in send_context
    raise self.protocol.close_exc from original_exc
websockets.exceptions.ConnectionClosedError: no close frame received or sent
unexpected internal error
Traceback (most recent call last):
  File "C:\Users\dwrek\AppData\Roaming\Python\Python313\site-packages\websockets\asyncio\connection.py", line 889, in send_context
    yield
  File "C:\Users\dwrek\AppData\Roaming\Python\Python313\site-packages\websockets\asyncio\server.py", line 169, in handshake
    assert isinstance(response, Response)  # help mypy
           ~~~~~~~~~~^^^^^^^^^^^^^^^^^^^^
AssertionError
opening handshake failed
Traceback (most recent call last):
  File "C:\Users\dwrek\AppData\Roaming\Python\Python313\site-packages\websockets\asyncio\connection.py", line 889, in send_context
    yield
  File "C:\Users\dwrek\AppData\Roaming\Python\Python313\site-packages\websockets\asyncio\server.py", line 169, in handshake
    assert isinstance(response, Response)  # help mypy
           ~~~~~~~~~~^^^^^^^^^^^^^^^^^^^^
AssertionError

The above exception was the direct cause of the following exception:

Traceback (most recent call last):
  File "C:\Users\dwrek\AppData\Roaming\Python\Python313\site-packages\websockets\asyncio\server.py", line 356, in conn_handler
    await connection.handshake(
    ...<3 lines>...
    )
  File "C:\Users\dwrek\AppData\Roaming\Python\Python313\site-packages\websockets\asyncio\server.py", line 142, in handshake
    async with self.send_context(expected_state=CONNECTING):
               ~~~~~~~~~~~~~~~~~^^^^^^^^^^^^^^^^^^^^^^^^^^^
  File "C:\Python313\Lib\contextlib.py", line 235, in __aexit__
    await self.gen.athrow(value)
  File "C:\Users\dwrek\AppData\Roaming\Python\Python313\site-packages\websockets\asyncio\connection.py", line 957, in send_context
    raise self.protocol.close_exc from original_exc
websockets.exceptions.ConnectionClosedError: no close frame received or sent
unexpected internal error
Traceback (most recent call last):
  File "C:\Users\dwrek\AppData\Roaming\Python\Python313\site-packages\websockets\asyncio\connection.py", line 889, in send_context
    yield
  File "C:\Users\dwrek\AppData\Roaming\Python\Python313\site-packages\websockets\asyncio\server.py", line 169, in handshake
    assert isinstance(response, Response)  # help mypy
           ~~~~~~~~~~^^^^^^^^^^^^^^^^^^^^
AssertionError
opening handshake failed
Traceback (most recent call last):
  File "C:\Users\dwrek\AppData\Roaming\Python\Python313\site-packages\websockets\asyncio\connection.py", line 889, in send_context
    yield
  File "C:\Users\dwrek\AppData\Roaming\Python\Python313\site-packages\websockets\asyncio\server.py", line 169, in handshake
    assert isinstance(response, Response)  # help mypy
           ~~~~~~~~~~^^^^^^^^^^^^^^^^^^^^
AssertionError

The above exception was the direct cause of the following exception:

Traceback (most recent call last):
  File "C:\Users\dwrek\AppData\Roaming\Python\Python313\site-packages\websockets\asyncio\server.py", line 356, in conn_handler
    await connection.handshake(
    ...<3 lines>...
    )
  File "C:\Users\dwrek\AppData\Roaming\Python\Python313\site-packages\websockets\asyncio\server.py", line 142, in handshake
    async with self.send_context(expected_state=CONNECTING):
               ~~~~~~~~~~~~~~~~~^^^^^^^^^^^^^^^^^^^^^^^^^^^
  File "C:\Python313\Lib\contextlib.py", line 235, in __aexit__
    await self.gen.athrow(value)
  File "C:\Users\dwrek\AppData\Roaming\Python\Python313\site-packages\websockets\asyncio\connection.py", line 957, in send_context
    raise self.protocol.close_exc from original_exc
websockets.exceptions.ConnectionClosedError: no close frame received or sent
unexpected internal error
Traceback (most recent call last):
  File "C:\Users\dwrek\AppData\Roaming\Python\Python313\site-packages\websockets\asyncio\connection.py", line 889, in send_context
    yield
  File "C:\Users\dwrek\AppData\Roaming\Python\Python313\site-packages\websockets\asyncio\server.py", line 169, in handshake
    assert isinstance(response, Response)  # help mypy
           ~~~~~~~~~~^^^^^^^^^^^^^^^^^^^^
AssertionError
opening handshake failed
Traceback (most recent call last):
  File "C:\Users\dwrek\AppData\Roaming\Python\Python313\site-packages\websockets\asyncio\connection.py", line 889, in send_context
    yield
  File "C:\Users\dwrek\AppData\Roaming\Python\Python313\site-packages\websockets\asyncio\server.py", line 169, in handshake
    assert isinstance(response, Response)  # help mypy
           ~~~~~~~~~~^^^^^^^^^^^^^^^^^^^^
AssertionError

The above exception was the direct cause of the following exception:

Traceback (most recent call last):
  File "C:\Users\dwrek\AppData\Roaming\Python\Python313\site-packages\websockets\asyncio\server.py", line 356, in conn_handler
    await connection.handshake(
    ...<3 lines>...
    )
  File "C:\Users\dwrek\AppData\Roaming\Python\Python313\site-packages\websockets\asyncio\server.py", line 142, in handshake
    async with self.send_context(expected_state=CONNECTING):
               ~~~~~~~~~~~~~~~~~^^^^^^^^^^^^^^^^^^^^^^^^^^^
  File "C:\Python313\Lib\contextlib.py", line 235, in __aexit__
    await self.gen.athrow(value)
  File "C:\Users\dwrek\AppData\Roaming\Python\Python313\site-packages\websockets\asyncio\connection.py", line 957, in send_context
    raise self.protocol.close_exc from original_exc
websockets.exceptions.ConnectionClosedError: no close frame received or sent
unexpected internal error
Traceback (most recent call last):
  File "C:\Users\dwrek\AppData\Roaming\Python\Python313\site-packages\websockets\asyncio\connection.py", line 889, in send_context
    yield
  File "C:\Users\dwrek\AppData\Roaming\Python\Python313\site-packages\websockets\asyncio\server.py", line 169, in handshake
    assert isinstance(response, Response)  # help mypy
           ~~~~~~~~~~^^^^^^^^^^^^^^^^^^^^
AssertionError
opening handshake failed
Traceback (most recent call last):
  File "C:\Users\dwrek\AppData\Roaming\Python\Python313\site-packages\websockets\asyncio\connection.py", line 889, in send_context
    yield
  File "C:\Users\dwrek\AppData\Roaming\Python\Python313\site-packages\websockets\asyncio\server.py", line 169, in handshake
    assert isinstance(response, Response)  # help mypy
           ~~~~~~~~~~^^^^^^^^^^^^^^^^^^^^
AssertionError

The above exception was the direct cause of the following exception:

Traceback (most recent call last):
  File "C:\Users\dwrek\AppData\Roaming\Python\Python313\site-packages\websockets\asyncio\server.py", line 356, in conn_handler
    await connection.handshake(
    ...<3 lines>...
    )
  File "C:\Users\dwrek\AppData\Roaming\Python\Python313\site-packages\websockets\asyncio\server.py", line 142, in handshake
    async with self.send_context(expected_state=CONNECTING):
               ~~~~~~~~~~~~~~~~~^^^^^^^^^^^^^^^^^^^^^^^^^^^
  File "C:\Python313\Lib\contextlib.py", line 235, in __aexit__
    await self.gen.athrow(value)
  File "C:\Users\dwrek\AppData\Roaming\Python\Python313\site-packages\websockets\asyncio\connection.py", line 957, in send_context
    raise self.protocol.close_exc from original_exc
websockets.exceptions.ConnectionClosedError: no close frame received or sent
unexpected internal error
Traceback (most recent call last):
  File "C:\Users\dwrek\AppData\Roaming\Python\Python313\site-packages\websockets\asyncio\connection.py", line 889, in send_context
    yield
  File "C:\Users\dwrek\AppData\Roaming\Python\Python313\site-packages\websockets\asyncio\server.py", line 169, in handshake
    assert isinstance(response, Response)  # help mypy
           ~~~~~~~~~~^^^^^^^^^^^^^^^^^^^^
AssertionError
opening handshake failed
Traceback (most recent call last):
  File "C:\Users\dwrek\AppData\Roaming\Python\Python313\site-packages\websockets\asyncio\connection.py", line 889, in send_context
    yield
  File "C:\Users\dwrek\AppData\Roaming\Python\Python313\site-packages\websockets\asyncio\server.py", line 169, in handshake
    assert isinstance(response, Response)  # help mypy
           ~~~~~~~~~~^^^^^^^^^^^^^^^^^^^^
AssertionError

The above exception was the direct cause of the following exception:

Traceback (most recent call last):
  File "C:\Users\dwrek\AppData\Roaming\Python\Python313\site-packages\websockets\asyncio\server.py", line 356, in conn_handler
    await connection.handshake(
    ...<3 lines>...
    )
  File "C:\Users\dwrek\AppData\Roaming\Python\Python313\site-packages\websockets\asyncio\server.py", line 142, in handshake
    async with self.send_context(expected_state=CONNECTING):
               ~~~~~~~~~~~~~~~~~^^^^^^^^^^^^^^^^^^^^^^^^^^^
  File "C:\Python313\Lib\contextlib.py", line 235, in __aexit__
    await self.gen.athrow(value)
  File "C:\Users\dwrek\AppData\Roaming\Python\Python313\site-packages\websockets\asyncio\connection.py", line 957, in send_context
    raise self.protocol.close_exc from original_exc
websockets.exceptions.ConnectionClosedError: no close frame received or sent
opening handshake failed
Traceback (most recent call last):
  File "C:\Users\dwrek\AppData\Roaming\Python\Python313\site-packages\websockets\server.py", line 545, in parse
    request = yield from Request.parse(
              ^^^^^^^^^^^^^^^^^^^^^^^^^
        self.reader.read_line,
        ^^^^^^^^^^^^^^^^^^^^^^
    )
    ^
  File "C:\Users\dwrek\AppData\Roaming\Python\Python313\site-packages\websockets\http11.py", line 151, in parse
    raise ValueError(f"unsupported HTTP method; expected GET; got {d(method)}")
ValueError: unsupported HTTP method; expected GET; got POST

The above exception was the direct cause of the following exception:

Traceback (most recent call last):
  File "C:\Users\dwrek\AppData\Roaming\Python\Python313\site-packages\websockets\asyncio\server.py", line 356, in conn_handler
    await connection.handshake(
    ...<3 lines>...
    )
  File "C:\Users\dwrek\AppData\Roaming\Python\Python313\site-packages\websockets\asyncio\server.py", line 207, in handshake
    raise self.protocol.handshake_exc
websockets.exceptions.InvalidMessage: did not receive a valid HTTP request
unexpected internal error
Traceback (most recent call last):
  File "C:\Users\dwrek\AppData\Roaming\Python\Python313\site-packages\websockets\asyncio\connection.py", line 889, in send_context
    yield
  File "C:\Users\dwrek\AppData\Roaming\Python\Python313\site-packages\websockets\asyncio\server.py", line 169, in handshake
    assert isinstance(response, Response)  # help mypy
           ~~~~~~~~~~^^^^^^^^^^^^^^^^^^^^
AssertionError
opening handshake failed
Traceback (most recent call last):
  File "C:\Users\dwrek\AppData\Roaming\Python\Python313\site-packages\websockets\asyncio\connection.py", line 889, in send_context
    yield
  File "C:\Users\dwrek\AppData\Roaming\Python\Python313\site-packages\websockets\asyncio\server.py", line 169, in handshake
    assert isinstance(response, Response)  # help mypy
           ~~~~~~~~~~^^^^^^^^^^^^^^^^^^^^
AssertionError

The above exception was the direct cause of the following exception:

Traceback (most recent call last):
  File "C:\Users\dwrek\AppData\Roaming\Python\Python313\site-packages\websockets\asyncio\server.py", line 356, in conn_handler
    await connection.handshake(
    ...<3 lines>...
    )
  File "C:\Users\dwrek\AppData\Roaming\Python\Python313\site-packages\websockets\asyncio\server.py", line 142, in handshake
    async with self.send_context(expected_state=CONNECTING):
               ~~~~~~~~~~~~~~~~~^^^^^^^^^^^^^^^^^^^^^^^^^^^
  File "C:\Python313\Lib\contextlib.py", line 235, in __aexit__
    await self.gen.athrow(value)
  File "C:\Users\dwrek\AppData\Roaming\Python\Python313\site-packages\websockets\asyncio\connection.py", line 957, in send_context
    raise self.protocol.close_exc from original_exc
websockets.exceptions.ConnectionClosedError: no close frame received or sent
unexpected internal error
Traceback (most recent call last):
  File "C:\Users\dwrek\AppData\Roaming\Python\Python313\site-packages\websockets\asyncio\connection.py", line 889, in send_context
    yield
  File "C:\Users\dwrek\AppData\Roaming\Python\Python313\site-packages\websockets\asyncio\server.py", line 169, in handshake
    assert isinstance(response, Response)  # help mypy
           ~~~~~~~~~~^^^^^^^^^^^^^^^^^^^^
AssertionError
opening handshake failed
Traceback (most recent call last):
  File "C:\Users\dwrek\AppData\Roaming\Python\Python313\site-packages\websockets\asyncio\connection.py", line 889, in send_context
    yield
  File "C:\Users\dwrek\AppData\Roaming\Python\Python313\site-packages\websockets\asyncio\server.py", line 169, in handshake
    assert isinstance(response, Response)  # help mypy
           ~~~~~~~~~~^^^^^^^^^^^^^^^^^^^^
AssertionError

The above exception was the direct cause of the following exception:

Traceback (most recent call last):
  File "C:\Users\dwrek\AppData\Roaming\Python\Python313\site-packages\websockets\asyncio\server.py", line 356, in conn_handler
    await connection.handshake(
    ...<3 lines>...
    )
  File "C:\Users\dwrek\AppData\Roaming\Python\Python313\site-packages\websockets\asyncio\server.py", line 142, in handshake
    async with self.send_context(expected_state=CONNECTING):
               ~~~~~~~~~~~~~~~~~^^^^^^^^^^^^^^^^^^^^^^^^^^^
  File "C:\Python313\Lib\contextlib.py", line 235, in __aexit__
    await self.gen.athrow(value)
  File "C:\Users\dwrek\AppData\Roaming\Python\Python313\site-packages\websockets\asyncio\connection.py", line 957, in send_context
    raise self.protocol.close_exc from original_exc
websockets.exceptions.ConnectionClosedError: no close frame received or sent
unexpected internal error
Traceback (most recent call last):
  File "C:\Users\dwrek\AppData\Roaming\Python\Python313\site-packages\websockets\asyncio\connection.py", line 889, in send_context
    yield
  File "C:\Users\dwrek\AppData\Roaming\Python\Python313\site-packages\websockets\asyncio\server.py", line 169, in handshake
    assert isinstance(response, Response)  # help mypy
           ~~~~~~~~~~^^^^^^^^^^^^^^^^^^^^
AssertionError
opening handshake failed
Traceback (most recent call last):
  File "C:\Users\dwrek\AppData\Roaming\Python\Python313\site-packages\websockets\asyncio\connection.py", line 889, in send_context
    yield
  File "C:\Users\dwrek\AppData\Roaming\Python\Python313\site-packages\websockets\asyncio\server.py", line 169, in handshake
    assert isinstance(response, Response)  # help mypy
           ~~~~~~~~~~^^^^^^^^^^^^^^^^^^^^
AssertionError

The above exception was the direct cause of the following exception:

Traceback (most recent call last):
  File "C:\Users\dwrek\AppData\Roaming\Python\Python313\site-packages\websockets\asyncio\server.py", line 356, in conn_handler
    await connection.handshake(
    ...<3 lines>...
    )
  File "C:\Users\dwrek\AppData\Roaming\Python\Python313\site-packages\websockets\asyncio\server.py", line 142, in handshake
    async with self.send_context(expected_state=CONNECTING):
               ~~~~~~~~~~~~~~~~~^^^^^^^^^^^^^^^^^^^^^^^^^^^
  File "C:\Python313\Lib\contextlib.py", line 235, in __aexit__
    await self.gen.athrow(value)
  File "C:\Users\dwrek\AppData\Roaming\Python\Python313\site-packages\websockets\asyncio\connection.py", line 957, in send_context
    raise self.protocol.close_exc from original_exc
websockets.exceptions.ConnectionClosedError: no close frame received or sent
opening handshake failed
Traceback (most recent call last):
  File "C:\Users\dwrek\AppData\Roaming\Python\Python313\site-packages\websockets\server.py", line 545, in parse
    request = yield from Request.parse(
              ^^^^^^^^^^^^^^^^^^^^^^^^^
        self.reader.read_line,
        ^^^^^^^^^^^^^^^^^^^^^^
    )
    ^
  File "C:\Users\dwrek\AppData\Roaming\Python\Python313\site-packages\websockets\http11.py", line 151, in parse
    raise ValueError(f"unsupported HTTP method; expected GET; got {d(method)}")
ValueError: unsupported HTTP method; expected GET; got POST

The above exception was the direct cause of the following exception:

Traceback (most recent call last):
  File "C:\Users\dwrek\AppData\Roaming\Python\Python313\site-packages\websockets\asyncio\server.py", line 356, in conn_handler
    await connection.handshake(
    ...<3 lines>...
    )
  File "C:\Users\dwrek\AppData\Roaming\Python\Python313\site-packages\websockets\asyncio\server.py", line 207, in handshake
    raise self.protocol.handshake_exc
websockets.exceptions.InvalidMessage: did not receive a valid HTTP request
unexpected internal error
Traceback (most recent call last):
  File "C:\Users\dwrek\AppData\Roaming\Python\Python313\site-packages\websockets\asyncio\connection.py", line 889, in send_context
    yield
  File "C:\Users\dwrek\AppData\Roaming\Python\Python313\site-packages\websockets\asyncio\server.py", line 169, in handshake
    assert isinstance(response, Response)  # help mypy
           ~~~~~~~~~~^^^^^^^^^^^^^^^^^^^^
AssertionError
opening handshake failed
Traceback (most recent call last):
  File "C:\Users\dwrek\AppData\Roaming\Python\Python313\site-packages\websockets\asyncio\connection.py", line 889, in send_context
    yield
  File "C:\Users\dwrek\AppData\Roaming\Python\Python313\site-packages\websockets\asyncio\server.py", line 169, in handshake
    assert isinstance(response, Response)  # help mypy
           ~~~~~~~~~~^^^^^^^^^^^^^^^^^^^^
AssertionError

The above exception was the direct cause of the following exception:

Traceback (most recent call last):
  File "C:\Users\dwrek\AppData\Roaming\Python\Python313\site-packages\websockets\asyncio\server.py", line 356, in conn_handler
    await connection.handshake(
    ...<3 lines>...
    )
  File "C:\Users\dwrek\AppData\Roaming\Python\Python313\site-packages\websockets\asyncio\server.py", line 142, in handshake
    async with self.send_context(expected_state=CONNECTING):
               ~~~~~~~~~~~~~~~~~^^^^^^^^^^^^^^^^^^^^^^^^^^^
  File "C:\Python313\Lib\contextlib.py", line 235, in __aexit__
    await self.gen.athrow(value)
  File "C:\Users\dwrek\AppData\Roaming\Python\Python313\site-packages\websockets\asyncio\connection.py", line 957, in send_context
    raise self.protocol.close_exc from original_exc
websockets.exceptions.ConnectionClosedError: no close frame received or sent
opening handshake failed
Traceback (most recent call last):
  File "C:\Users\dwrek\AppData\Roaming\Python\Python313\site-packages\websockets\server.py", line 545, in parse
    request = yield from Request.parse(
              ^^^^^^^^^^^^^^^^^^^^^^^^^
        self.reader.read_line,
        ^^^^^^^^^^^^^^^^^^^^^^
    )
    ^
  File "C:\Users\dwrek\AppData\Roaming\Python\Python313\site-packages\websockets\http11.py", line 151, in parse
    raise ValueError(f"unsupported HTTP method; expected GET; got {d(method)}")
ValueError: unsupported HTTP method; expected GET; got POST

The above exception was the direct cause of the following exception:

Traceback (most recent call last):
  File "C:\Users\dwrek\AppData\Roaming\Python\Python313\site-packages\websockets\asyncio\server.py", line 356, in conn_handler
    await connection.handshake(
    ...<3 lines>...
    )
  File "C:\Users\dwrek\AppData\Roaming\Python\Python313\site-packages\websockets\asyncio\server.py", line 207, in handshake
    raise self.protocol.handshake_exc
websockets.exceptions.InvalidMessage: did not receive a valid HTTP request
unexpected internal error
Traceback (most recent call last):
  File "C:\Users\dwrek\AppData\Roaming\Python\Python313\site-packages\websockets\asyncio\connection.py", line 889, in send_context
    yield
  File "C:\Users\dwrek\AppData\Roaming\Python\Python313\site-packages\websockets\asyncio\server.py", line 169, in handshake
    assert isinstance(response, Response)  # help mypy
           ~~~~~~~~~~^^^^^^^^^^^^^^^^^^^^
AssertionError
opening handshake failed
Traceback (most recent call last):
  File "C:\Users\dwrek\AppData\Roaming\Python\Python313\site-packages\websockets\asyncio\connection.py", line 889, in send_context
    yield
  File "C:\Users\dwrek\AppData\Roaming\Python\Python313\site-packages\websockets\asyncio\server.py", line 169, in handshake
    assert isinstance(response, Response)  # help mypy
           ~~~~~~~~~~^^^^^^^^^^^^^^^^^^^^
AssertionError

The above exception was the direct cause of the following exception:

Traceback (most recent call last):
  File "C:\Users\dwrek\AppData\Roaming\Python\Python313\site-packages\websockets\asyncio\server.py", line 356, in conn_handler
    await connection.handshake(
    ...<3 lines>...
    )
  File "C:\Users\dwrek\AppData\Roaming\Python\Python313\site-packages\websockets\asyncio\server.py", line 142, in handshake
    async with self.send_context(expected_state=CONNECTING):
               ~~~~~~~~~~~~~~~~~^^^^^^^^^^^^^^^^^^^^^^^^^^^
  File "C:\Python313\Lib\contextlib.py", line 235, in __aexit__
    await self.gen.athrow(value)
  File "C:\Users\dwrek\AppData\Roaming\Python\Python313\site-packages\websockets\asyncio\connection.py", line 957, in send_context
    raise self.protocol.close_exc from original_exc
websockets.exceptions.ConnectionClosedError: no close frame received or sent
unexpected internal error
Traceback (most recent call last):
  File "C:\Users\dwrek\AppData\Roaming\Python\Python313\site-packages\websockets\asyncio\connection.py", line 889, in send_context
    yield
  File "C:\Users\dwrek\AppData\Roaming\Python\Python313\site-packages\websockets\asyncio\server.py", line 169, in handshake
    assert isinstance(response, Response)  # help mypy
           ~~~~~~~~~~^^^^^^^^^^^^^^^^^^^^
AssertionError
opening handshake failed
Traceback (most recent call last):
  File "C:\Users\dwrek\AppData\Roaming\Python\Python313\site-packages\websockets\asyncio\connection.py", line 889, in send_context
    yield
  File "C:\Users\dwrek\AppData\Roaming\Python\Python313\site-packages\websockets\asyncio\server.py", line 169, in handshake
    assert isinstance(response, Response)  # help mypy
           ~~~~~~~~~~^^^^^^^^^^^^^^^^^^^^
AssertionError

The above exception was the direct cause of the following exception:

Traceback (most recent call last):
  File "C:\Users\dwrek\AppData\Roaming\Python\Python313\site-packages\websockets\asyncio\server.py", line 356, in conn_handler
    await connection.handshake(
    ...<3 lines>...
    )
  File "C:\Users\dwrek\AppData\Roaming\Python\Python313\site-packages\websockets\asyncio\server.py", line 142, in handshake
    async with self.send_context(expected_state=CONNECTING):
               ~~~~~~~~~~~~~~~~~^^^^^^^^^^^^^^^^^^^^^^^^^^^
  File "C:\Python313\Lib\contextlib.py", line 235, in __aexit__
    await self.gen.athrow(value)
  File "C:\Users\dwrek\AppData\Roaming\Python\Python313\site-packages\websockets\asyncio\connection.py", line 957, in send_context
    raise self.protocol.close_exc from original_exc
websockets.exceptions.ConnectionClosedError: no close frame received or sent
unexpected internal error
Traceback (most recent call last):
  File "C:\Users\dwrek\AppData\Roaming\Python\Python313\site-packages\websockets\asyncio\connection.py", line 889, in send_context
    yield
  File "C:\Users\dwrek\AppData\Roaming\Python\Python313\site-packages\websockets\asyncio\server.py", line 169, in handshake
    assert isinstance(response, Response)  # help mypy
           ~~~~~~~~~~^^^^^^^^^^^^^^^^^^^^
AssertionError
opening handshake failed
Traceback (most recent call last):
  File "C:\Users\dwrek\AppData\Roaming\Python\Python313\site-packages\websockets\asyncio\connection.py", line 889, in send_context
    yield
  File "C:\Users\dwrek\AppData\Roaming\Python\Python313\site-packages\websockets\asyncio\server.py", line 169, in handshake
    assert isinstance(response, Response)  # help mypy
           ~~~~~~~~~~^^^^^^^^^^^^^^^^^^^^
AssertionError

The above exception was the direct cause of the following exception:

Traceback (most recent call last):
  File "C:\Users\dwrek\AppData\Roaming\Python\Python313\site-packages\websockets\asyncio\server.py", line 356, in conn_handler
    await connection.handshake(
    ...<3 lines>...
    )
  File "C:\Users\dwrek\AppData\Roaming\Python\Python313\site-packages\websockets\asyncio\server.py", line 142, in handshake
    async with self.send_context(expected_state=CONNECTING):
               ~~~~~~~~~~~~~~~~~^^^^^^^^^^^^^^^^^^^^^^^^^^^
  File "C:\Python313\Lib\contextlib.py", line 235, in __aexit__
    await self.gen.athrow(value)
  File "C:\Users\dwrek\AppData\Roaming\Python\Python313\site-packages\websockets\asyncio\connection.py", line 957, in send_context
    raise self.protocol.close_exc from original_exc
websockets.exceptions.ConnectionClosedError: no close frame received or sent
unexpected internal error
Traceback (most recent call last):
  File "C:\Users\dwrek\AppData\Roaming\Python\Python313\site-packages\websockets\asyncio\connection.py", line 889, in send_context
    yield
  File "C:\Users\dwrek\AppData\Roaming\Python\Python313\site-packages\websockets\asyncio\server.py", line 169, in handshake
    assert isinstance(response, Response)  # help mypy
           ~~~~~~~~~~^^^^^^^^^^^^^^^^^^^^
AssertionError
opening handshake failed
Traceback (most recent call last):
  File "C:\Users\dwrek\AppData\Roaming\Python\Python313\site-packages\websockets\asyncio\connection.py", line 889, in send_context
    yield
  File "C:\Users\dwrek\AppData\Roaming\Python\Python313\site-packages\websockets\asyncio\server.py", line 169, in handshake
    assert isinstance(response, Response)  # help mypy
           ~~~~~~~~~~^^^^^^^^^^^^^^^^^^^^
AssertionError

The above exception was the direct cause of the following exception:

Traceback (most recent call last):
  File "C:\Users\dwrek\AppData\Roaming\Python\Python313\site-packages\websockets\asyncio\server.py", line 356, in conn_handler
    await connection.handshake(
    ...<3 lines>...
    )
  File "C:\Users\dwrek\AppData\Roaming\Python\Python313\site-packages\websockets\asyncio\server.py", line 142, in handshake
    async with self.send_context(expected_state=CONNECTING):
               ~~~~~~~~~~~~~~~~~^^^^^^^^^^^^^^^^^^^^^^^^^^^
  File "C:\Python313\Lib\contextlib.py", line 235, in __aexit__
    await self.gen.athrow(value)
  File "C:\Users\dwrek\AppData\Roaming\Python\Python313\site-packages\websockets\asyncio\connection.py", line 957, in send_context
    raise self.protocol.close_exc from original_exc
websockets.exceptions.ConnectionClosedError: no close frame received or sent
unexpected internal error
Traceback (most recent call last):
  File "C:\Users\dwrek\AppData\Roaming\Python\Python313\site-packages\websockets\asyncio\connection.py", line 889, in send_context
    yield
  File "C:\Users\dwrek\AppData\Roaming\Python\Python313\site-packages\websockets\asyncio\server.py", line 169, in handshake
    assert isinstance(response, Response)  # help mypy
           ~~~~~~~~~~^^^^^^^^^^^^^^^^^^^^
AssertionError
opening handshake failed
Traceback (most recent call last):
  File "C:\Users\dwrek\AppData\Roaming\Python\Python313\site-packages\websockets\asyncio\connection.py", line 889, in send_context
    yield
  File "C:\Users\dwrek\AppData\Roaming\Python\Python313\site-packages\websockets\asyncio\server.py", line 169, in handshake
    assert isinstance(response, Response)  # help mypy
           ~~~~~~~~~~^^^^^^^^^^^^^^^^^^^^
AssertionError

The above exception was the direct cause of the following exception:

Traceback (most recent call last):
  File "C:\Users\dwrek\AppData\Roaming\Python\Python313\site-packages\websockets\asyncio\server.py", line 356, in conn_handler
    await connection.handshake(
    ...<3 lines>...
    )
  File "C:\Users\dwrek\AppData\Roaming\Python\Python313\site-packages\websockets\asyncio\server.py", line 142, in handshake
    async with self.send_context(expected_state=CONNECTING):
               ~~~~~~~~~~~~~~~~~^^^^^^^^^^^^^^^^^^^^^^^^^^^
  File "C:\Python313\Lib\contextlib.py", line 235, in __aexit__
    await self.gen.athrow(value)
  File "C:\Users\dwrek\AppData\Roaming\Python\Python313\site-packages\websockets\asyncio\connection.py", line 957, in send_context
    raise self.protocol.close_exc from original_exc
websockets.exceptions.ConnectionClosedError: no close frame received or sent
unexpected internal error
Traceback (most recent call last):
  File "C:\Users\dwrek\AppData\Roaming\Python\Python313\site-packages\websockets\asyncio\connection.py", line 889, in send_context
    yield
  File "C:\Users\dwrek\AppData\Roaming\Python\Python313\site-packages\websockets\asyncio\server.py", line 169, in handshake
    assert isinstance(response, Response)  # help mypy
           ~~~~~~~~~~^^^^^^^^^^^^^^^^^^^^
AssertionError
opening handshake failed
Traceback (most recent call last):
  File "C:\Users\dwrek\AppData\Roaming\Python\Python313\site-packages\websockets\asyncio\connection.py", line 889, in send_context
    yield
  File "C:\Users\dwrek\AppData\Roaming\Python\Python313\site-packages\websockets\asyncio\server.py", line 169, in handshake
    assert isinstance(response, Response)  # help mypy
           ~~~~~~~~~~^^^^^^^^^^^^^^^^^^^^
AssertionError

The above exception was the direct cause of the following exception:

Traceback (most recent call last):
  File "C:\Users\dwrek\AppData\Roaming\Python\Python313\site-packages\websockets\asyncio\server.py", line 356, in conn_handler
    await connection.handshake(
    ...<3 lines>...
    )
  File "C:\Users\dwrek\AppData\Roaming\Python\Python313\site-packages\websockets\asyncio\server.py", line 142, in handshake
    async with self.send_context(expected_state=CONNECTING):
               ~~~~~~~~~~~~~~~~~^^^^^^^^^^^^^^^^^^^^^^^^^^^
  File "C:\Python313\Lib\contextlib.py", line 235, in __aexit__
    await self.gen.athrow(value)
  File "C:\Users\dwrek\AppData\Roaming\Python\Python313\site-packages\websockets\asyncio\connection.py", line 957, in send_context
    raise self.protocol.close_exc from original_exc
websockets.exceptions.ConnectionClosedError: no close frame received or sent
